# Lurid Domains List
mailru-vip.com
yandex-vip.com
google-officeonline.com
office-helppane.com
foxit-pro.com
ymail-vip.com
ymail-pro.com
yandex-pro.com
google-office.com
mailru-pro.com
hoticq.com
redhag.com
zadhc.com
lasmail.com
hotoicq.com
ace.mailru-vip.com
home.mailru-pro.com
xphlp.ymail-vip.com
ace.mailru-vip.com
home.mailru-pro.com
xphlp.ymail-vip.com
ace.mailru-vip.com
home.mailru-pro.com
xphlp.ymail-vip.com
setup.mailru-vip.com
superkiller.mailru-vip.com
sexinsex.ymail-vip.com
setup.mailru-vip.com
microsoft.office-helppane.com
microsoft.office-helppane.com
win.foxit-pro.com
update.ymail-vip.com
microsoft.office-helppane.com
led.office-helppane.com
press.foxit-pro.com
press.mailru-pro.com
press.ymail-pro.com
press.ymail-pro.com
support.hotoicq.com
173.212.195.216
109.123.126.143
109.123.126.156
184.95.36.75
46.23.67.226
109.123.126.157
58.64.149.29
204.12.197.70
